The system is: Linux - 6.5.0-25-generic - x86_64
Compiling the C compiler identification source file "CMakeCCompilerId.c" succeeded.
Compiler: /scratch/pelago/llvm-14/opt/bin/clang 
Build flags: 
Id flags:  

The output was:
0


Compilation of the C compiler identification source "CMakeCCompilerId.c" produced "a.out"

The C compiler identification is Clang, found in "/tmp/tmp.yugr0WKFU9/cmake-build-debug/CMakeFiles/3.23.0/CompilerIdC/a.out"

Compiling the CXX compiler identification source file "CMakeCXXCompilerId.cpp" succeeded.
Compiler: /scratch/pelago/llvm-14/opt/bin/clang++ 
Build flags: 
Id flags:  

The output was:
0


Compilation of the CXX compiler identification source "CMakeCXXCompilerId.cpp" produced "a.out"

The CXX compiler identification is Clang, found in "/tmp/tmp.yugr0WKFU9/cmake-build-debug/CMakeFiles/3.23.0/CompilerIdCXX/a.out"

Detecting C compiler ABI info compiled with the following output:
Change Dir: /tmp/tmp.yugr0WKFU9/cmake-build-debug/CMakeFiles/CMakeTmp

Run Build Command(s):/usr/bin/gmake -f Makefile cmTC_bf70f/fast && /usr/bin/gmake  -f CMakeFiles/cmTC_bf70f.dir/build.make CMakeFiles/cmTC_bf70f.dir/build
gmake[1]: Entering directory '/tmp/tmp.yugr0WKFU9/cmake-build-debug/CMakeFiles/CMakeTmp'
Building C object CMakeFiles/cmTC_bf70f.dir/CMakeCCompilerABI.c.o
/scratch/pelago/llvm-14/opt/bin/clang   -v -MD -MT CMakeFiles/cmTC_bf70f.dir/CMakeCCompilerABI.c.o -MF CMakeFiles/cmTC_bf70f.dir/CMakeCCompilerABI.c.o.d -o CMakeFiles/cmTC_bf70f.dir/CMakeCCompilerABI.c.o -c /scratch/pelago/hamish_builds/llvm-14/opt/share/cmake-3.23/Modules/CMakeCCompilerABI.c
clang version 14.0.0 (https://github.com/llvm/llvm-project 329fda39c507e8740978d10458451dcdb21563be)
Target: x86_64-unknown-linux-gnu
Thread model: posix
InstalledDir: /scratch/pelago/llvm-14/opt/bin
Found candidate GCC installation: /usr/lib/gcc/x86_64-linux-gnu/11
Found candidate GCC installation: /usr/lib/gcc/x86_64-linux-gnu/12
Selected GCC installation: /usr/lib/gcc/x86_64-linux-gnu/12
Candidate multilib: .;@m64
Selected multilib: .;@m64
Found CUDA installation: /usr/local/cuda, version 
 (in-process)
 "/scratch/pelago/hamish_builds/llvm-14/opt/bin/clang-14" -cc1 -triple x86_64-unknown-linux-gnu -emit-obj -mrelax-all --mrelax-relocations -disable-free -clear-ast-before-backend -main-file-name CMakeCCompilerABI.c -mrelocation-model static -mframe-pointer=all -fmath-errno -ffp-contract=on -fno-rounding-math -mconstructor-aliases -funwind-tables=2 -target-cpu x86-64 -tune-cpu generic -mllvm -treat-scalable-fixed-error-as-warning -debugger-tuning=gdb -v -fcoverage-compilation-dir=/tmp/tmp.yugr0WKFU9/cmake-build-debug/CMakeFiles/CMakeTmp -resource-dir /scratch/pelago/hamish_builds/llvm-14/opt/lib/clang/14.0.0 -dependency-file CMakeFiles/cmTC_bf70f.dir/CMakeCCompilerABI.c.o.d -MT CMakeFiles/cmTC_bf70f.dir/CMakeCCompilerABI.c.o -sys-header-deps -internal-isystem /scratch/pelago/hamish_builds/llvm-14/opt/lib/clang/14.0.0/include -internal-isystem /usr/local/include -internal-isystem /usr/lib/gcc/x86_64-linux-gnu/12/../../../../x86_64-linux-gnu/include -internal-externc-isystem /usr/include/x86_64-linux-gnu -internal-externc-isystem /usr/include -fdebug-compilation-dir=/tmp/tmp.yugr0WKFU9/cmake-build-debug/CMakeFiles/CMakeTmp -ferror-limit 19 -fgnuc-version=4.2.1 -faddrsig -D__GCC_HAVE_DWARF2_CFI_ASM=1 -o CMakeFiles/cmTC_bf70f.dir/CMakeCCompilerABI.c.o -x c /scratch/pelago/hamish_builds/llvm-14/opt/share/cmake-3.23/Modules/CMakeCCompilerABI.c
clang -cc1 version 14.0.0 based upon LLVM 14.0.0 default target x86_64-linux-gnu
ignoring nonexistent directory "/usr/lib/gcc/x86_64-linux-gnu/12/../../../../x86_64-linux-gnu/include"
#include "..." search starts here:
#include <...> search starts here:
 /scratch/pelago/hamish_builds/llvm-14/opt/lib/clang/14.0.0/include
 /usr/local/include
 /usr/include/x86_64-linux-gnu
 /usr/include
End of search list.
Linking C executable cmTC_bf70f
/scratch/pelago/hamish_builds/llvm-14/opt/bin/cmake -E cmake_link_script CMakeFiles/cmTC_bf70f.dir/link.txt --verbose=1
/scratch/pelago/llvm-14/opt/bin/clang  -v -rdynamic CMakeFiles/cmTC_bf70f.dir/CMakeCCompilerABI.c.o -o cmTC_bf70f 
clang version 14.0.0 (https://github.com/llvm/llvm-project 329fda39c507e8740978d10458451dcdb21563be)
Target: x86_64-unknown-linux-gnu
Thread model: posix
InstalledDir: /scratch/pelago/llvm-14/opt/bin
Found candidate GCC installation: /usr/lib/gcc/x86_64-linux-gnu/11
Found candidate GCC installation: /usr/lib/gcc/x86_64-linux-gnu/12
Selected GCC installation: /usr/lib/gcc/x86_64-linux-gnu/12
Candidate multilib: .;@m64
Selected multilib: .;@m64
Found CUDA installation: /usr/local/cuda, version 
 "/usr/bin/x86_64-linux-gnu-ld" -export-dynamic -z relro --hash-style=gnu --eh-frame-hdr -m elf_x86_64 -export-dynamic -dynamic-linker /lib64/ld-linux-x86-64.so.2 -o cmTC_bf70f /lib/x86_64-linux-gnu/crt1.o /lib/x86_64-linux-gnu/crti.o /usr/lib/gcc/x86_64-linux-gnu/12/crtbegin.o -L/usr/lib/gcc/x86_64-linux-gnu/12 -L/usr/lib/gcc/x86_64-linux-gnu/12/../../../../lib64 -L/lib/x86_64-linux-gnu -L/lib/../lib64 -L/usr/lib/x86_64-linux-gnu -L/usr/lib/../lib64 -L/scratch/pelago/hamish_builds/llvm-14/opt/bin/../lib -L/lib -L/usr/lib CMakeFiles/cmTC_bf70f.dir/CMakeCCompilerABI.c.o -lgcc --as-needed -lgcc_s --no-as-needed -lc -lgcc --as-needed -lgcc_s --no-as-needed /usr/lib/gcc/x86_64-linux-gnu/12/crtend.o /lib/x86_64-linux-gnu/crtn.o
gmake[1]: Leaving directory '/tmp/tmp.yugr0WKFU9/cmake-build-debug/CMakeFiles/CMakeTmp'



Parsed C implicit include dir info from above output: rv=done
  found start of include info
  found start of implicit include info
    add: [/scratch/pelago/hamish_builds/llvm-14/opt/lib/clang/14.0.0/include]
    add: [/usr/local/include]
    add: [/usr/include/x86_64-linux-gnu]
    add: [/usr/include]
  end of search list found
  collapse include dir [/scratch/pelago/hamish_builds/llvm-14/opt/lib/clang/14.0.0/include] ==> [/scratch/pelago/hamish_builds/llvm-14/opt/lib/clang/14.0.0/include]
  collapse include dir [/usr/local/include] ==> [/usr/local/include]
  collapse include dir [/usr/include/x86_64-linux-gnu] ==> [/usr/include/x86_64-linux-gnu]
  collapse include dir [/usr/include] ==> [/usr/include]
  implicit include dirs: [/scratch/pelago/hamish_builds/llvm-14/opt/lib/clang/14.0.0/include;/usr/local/include;/usr/include/x86_64-linux-gnu;/usr/include]


Parsed C implicit link information from above output:
  link line regex: [^( *|.*[/\])(ld|CMAKE_LINK_STARTFILE-NOTFOUND|([^/\]+-)?ld|collect2)[^/\]*( |$)]
  ignore line: [Change Dir: /tmp/tmp.yugr0WKFU9/cmake-build-debug/CMakeFiles/CMakeTmp]
  ignore line: []
  ignore line: [Run Build Command(s):/usr/bin/gmake -f Makefile cmTC_bf70f/fast && /usr/bin/gmake  -f CMakeFiles/cmTC_bf70f.dir/build.make CMakeFiles/cmTC_bf70f.dir/build]
  ignore line: [gmake[1]: Entering directory '/tmp/tmp.yugr0WKFU9/cmake-build-debug/CMakeFiles/CMakeTmp']
  ignore line: [Building C object CMakeFiles/cmTC_bf70f.dir/CMakeCCompilerABI.c.o]
  ignore line: [/scratch/pelago/llvm-14/opt/bin/clang   -v -MD -MT CMakeFiles/cmTC_bf70f.dir/CMakeCCompilerABI.c.o -MF CMakeFiles/cmTC_bf70f.dir/CMakeCCompilerABI.c.o.d -o CMakeFiles/cmTC_bf70f.dir/CMakeCCompilerABI.c.o -c /scratch/pelago/hamish_builds/llvm-14/opt/share/cmake-3.23/Modules/CMakeCCompilerABI.c]
  ignore line: [clang version 14.0.0 (https://github.com/llvm/llvm-project 329fda39c507e8740978d10458451dcdb21563be)]
  ignore line: [Target: x86_64-unknown-linux-gnu]
  ignore line: [Thread model: posix]
  ignore line: [InstalledDir: /scratch/pelago/llvm-14/opt/bin]
  ignore line: [Found candidate GCC installation: /usr/lib/gcc/x86_64-linux-gnu/11]
  ignore line: [Found candidate GCC installation: /usr/lib/gcc/x86_64-linux-gnu/12]
  ignore line: [Selected GCC installation: /usr/lib/gcc/x86_64-linux-gnu/12]
  ignore line: [Candidate multilib: .]
  ignore line: [@m64]
  ignore line: [Selected multilib: .]
  ignore line: [@m64]
  ignore line: [Found CUDA installation: /usr/local/cuda  version ]
  ignore line: [ (in-process)]
  ignore line: [ "/scratch/pelago/hamish_builds/llvm-14/opt/bin/clang-14" -cc1 -triple x86_64-unknown-linux-gnu -emit-obj -mrelax-all --mrelax-relocations -disable-free -clear-ast-before-backend -main-file-name CMakeCCompilerABI.c -mrelocation-model static -mframe-pointer=all -fmath-errno -ffp-contract=on -fno-rounding-math -mconstructor-aliases -funwind-tables=2 -target-cpu x86-64 -tune-cpu generic -mllvm -treat-scalable-fixed-error-as-warning -debugger-tuning=gdb -v -fcoverage-compilation-dir=/tmp/tmp.yugr0WKFU9/cmake-build-debug/CMakeFiles/CMakeTmp -resource-dir /scratch/pelago/hamish_builds/llvm-14/opt/lib/clang/14.0.0 -dependency-file CMakeFiles/cmTC_bf70f.dir/CMakeCCompilerABI.c.o.d -MT CMakeFiles/cmTC_bf70f.dir/CMakeCCompilerABI.c.o -sys-header-deps -internal-isystem /scratch/pelago/hamish_builds/llvm-14/opt/lib/clang/14.0.0/include -internal-isystem /usr/local/include -internal-isystem /usr/lib/gcc/x86_64-linux-gnu/12/../../../../x86_64-linux-gnu/include -internal-externc-isystem /usr/include/x86_64-linux-gnu -internal-externc-isystem /usr/include -fdebug-compilation-dir=/tmp/tmp.yugr0WKFU9/cmake-build-debug/CMakeFiles/CMakeTmp -ferror-limit 19 -fgnuc-version=4.2.1 -faddrsig -D__GCC_HAVE_DWARF2_CFI_ASM=1 -o CMakeFiles/cmTC_bf70f.dir/CMakeCCompilerABI.c.o -x c /scratch/pelago/hamish_builds/llvm-14/opt/share/cmake-3.23/Modules/CMakeCCompilerABI.c]
  ignore line: [clang -cc1 version 14.0.0 based upon LLVM 14.0.0 default target x86_64-linux-gnu]
  ignore line: [ignoring nonexistent directory "/usr/lib/gcc/x86_64-linux-gnu/12/../../../../x86_64-linux-gnu/include"]
  ignore line: [#include "..." search starts here:]
  ignore line: [#include <...> search starts here:]
  ignore line: [ /scratch/pelago/hamish_builds/llvm-14/opt/lib/clang/14.0.0/include]
  ignore line: [ /usr/local/include]
  ignore line: [ /usr/include/x86_64-linux-gnu]
  ignore line: [ /usr/include]
  ignore line: [End of search list.]
  ignore line: [Linking C executable cmTC_bf70f]
  ignore line: [/scratch/pelago/hamish_builds/llvm-14/opt/bin/cmake -E cmake_link_script CMakeFiles/cmTC_bf70f.dir/link.txt --verbose=1]
  ignore line: [/scratch/pelago/llvm-14/opt/bin/clang  -v -rdynamic CMakeFiles/cmTC_bf70f.dir/CMakeCCompilerABI.c.o -o cmTC_bf70f ]
  ignore line: [clang version 14.0.0 (https://github.com/llvm/llvm-project 329fda39c507e8740978d10458451dcdb21563be)]
  ignore line: [Target: x86_64-unknown-linux-gnu]
  ignore line: [Thread model: posix]
  ignore line: [InstalledDir: /scratch/pelago/llvm-14/opt/bin]
  ignore line: [Found candidate GCC installation: /usr/lib/gcc/x86_64-linux-gnu/11]
  ignore line: [Found candidate GCC installation: /usr/lib/gcc/x86_64-linux-gnu/12]
  ignore line: [Selected GCC installation: /usr/lib/gcc/x86_64-linux-gnu/12]
  ignore line: [Candidate multilib: .]
  ignore line: [@m64]
  ignore line: [Selected multilib: .]
  ignore line: [@m64]
  ignore line: [Found CUDA installation: /usr/local/cuda  version ]
  link line: [ "/usr/bin/x86_64-linux-gnu-ld" -export-dynamic -z relro --hash-style=gnu --eh-frame-hdr -m elf_x86_64 -export-dynamic -dynamic-linker /lib64/ld-linux-x86-64.so.2 -o cmTC_bf70f /lib/x86_64-linux-gnu/crt1.o /lib/x86_64-linux-gnu/crti.o /usr/lib/gcc/x86_64-linux-gnu/12/crtbegin.o -L/usr/lib/gcc/x86_64-linux-gnu/12 -L/usr/lib/gcc/x86_64-linux-gnu/12/../../../../lib64 -L/lib/x86_64-linux-gnu -L/lib/../lib64 -L/usr/lib/x86_64-linux-gnu -L/usr/lib/../lib64 -L/scratch/pelago/hamish_builds/llvm-14/opt/bin/../lib -L/lib -L/usr/lib CMakeFiles/cmTC_bf70f.dir/CMakeCCompilerABI.c.o -lgcc --as-needed -lgcc_s --no-as-needed -lc -lgcc --as-needed -lgcc_s --no-as-needed /usr/lib/gcc/x86_64-linux-gnu/12/crtend.o /lib/x86_64-linux-gnu/crtn.o]
    arg [/usr/bin/x86_64-linux-gnu-ld] ==> ignore
    arg [-export-dynamic] ==> ignore
    arg [-zrelro] ==> ignore
    arg [--hash-style=gnu] ==> ignore
    arg [--eh-frame-hdr] ==> ignore
    arg [-m] ==> ignore
    arg [elf_x86_64] ==> ignore
    arg [-export-dynamic] ==> ignore
    arg [-dynamic-linker] ==> ignore
    arg [/lib64/ld-linux-x86-64.so.2] ==> ignore
    arg [-o] ==> ignore
    arg [cmTC_bf70f] ==> ignore
    arg [/lib/x86_64-linux-gnu/crt1.o] ==> obj [/lib/x86_64-linux-gnu/crt1.o]
    arg [/lib/x86_64-linux-gnu/crti.o] ==> obj [/lib/x86_64-linux-gnu/crti.o]
    arg [/usr/lib/gcc/x86_64-linux-gnu/12/crtbegin.o] ==> obj [/usr/lib/gcc/x86_64-linux-gnu/12/crtbegin.o]
    arg [-L/usr/lib/gcc/x86_64-linux-gnu/12] ==> dir [/usr/lib/gcc/x86_64-linux-gnu/12]
    arg [-L/usr/lib/gcc/x86_64-linux-gnu/12/../../../../lib64] ==> dir [/usr/lib/gcc/x86_64-linux-gnu/12/../../../../lib64]
    arg [-L/lib/x86_64-linux-gnu] ==> dir [/lib/x86_64-linux-gnu]
    arg [-L/lib/../lib64] ==> dir [/lib/../lib64]
    arg [-L/usr/lib/x86_64-linux-gnu] ==> dir [/usr/lib/x86_64-linux-gnu]
    arg [-L/usr/lib/../lib64] ==> dir [/usr/lib/../lib64]
    arg [-L/scratch/pelago/hamish_builds/llvm-14/opt/bin/../lib] ==> dir [/scratch/pelago/hamish_builds/llvm-14/opt/bin/../lib]
    arg [-L/lib] ==> dir [/lib]
    arg [-L/usr/lib] ==> dir [/usr/lib]
    arg [CMakeFiles/cmTC_bf70f.dir/CMakeCCompilerABI.c.o] ==> ignore
    arg [-lgcc] ==> lib [gcc]
    arg [--as-needed] ==> ignore
    arg [-lgcc_s] ==> lib [gcc_s]
    arg [--no-as-needed] ==> ignore
    arg [-lc] ==> lib [c]
    arg [-lgcc] ==> lib [gcc]
    arg [--as-needed] ==> ignore
    arg [-lgcc_s] ==> lib [gcc_s]
    arg [--no-as-needed] ==> ignore
    arg [/usr/lib/gcc/x86_64-linux-gnu/12/crtend.o] ==> obj [/usr/lib/gcc/x86_64-linux-gnu/12/crtend.o]
    arg [/lib/x86_64-linux-gnu/crtn.o] ==> obj [/lib/x86_64-linux-gnu/crtn.o]
  collapse library dir [/usr/lib/gcc/x86_64-linux-gnu/12] ==> [/usr/lib/gcc/x86_64-linux-gnu/12]
  collapse library dir [/usr/lib/gcc/x86_64-linux-gnu/12/../../../../lib64] ==> [/usr/lib64]
  collapse library dir [/lib/x86_64-linux-gnu] ==> [/lib/x86_64-linux-gnu]
  collapse library dir [/lib/../lib64] ==> [/lib64]
  collapse library dir [/usr/lib/x86_64-linux-gnu] ==> [/usr/lib/x86_64-linux-gnu]
  collapse library dir [/usr/lib/../lib64] ==> [/usr/lib64]
  collapse library dir [/scratch/pelago/hamish_builds/llvm-14/opt/bin/../lib] ==> [/scratch/pelago/hamish_builds/llvm-14/opt/lib]
  collapse library dir [/lib] ==> [/lib]
  collapse library dir [/usr/lib] ==> [/usr/lib]
  implicit libs: [gcc;gcc_s;c;gcc;gcc_s]
  implicit objs: [/lib/x86_64-linux-gnu/crt1.o;/lib/x86_64-linux-gnu/crti.o;/usr/lib/gcc/x86_64-linux-gnu/12/crtbegin.o;/usr/lib/gcc/x86_64-linux-gnu/12/crtend.o;/lib/x86_64-linux-gnu/crtn.o]
  implicit dirs: [/usr/lib/gcc/x86_64-linux-gnu/12;/usr/lib64;/lib/x86_64-linux-gnu;/lib64;/usr/lib/x86_64-linux-gnu;/scratch/pelago/hamish_builds/llvm-14/opt/lib;/lib;/usr/lib]
  implicit fwks: []


Detecting CXX compiler ABI info compiled with the following output:
Change Dir: /tmp/tmp.yugr0WKFU9/cmake-build-debug/CMakeFiles/CMakeTmp

Run Build Command(s):/usr/bin/gmake -f Makefile cmTC_4ac05/fast && /usr/bin/gmake  -f CMakeFiles/cmTC_4ac05.dir/build.make CMakeFiles/cmTC_4ac05.dir/build
gmake[1]: Entering directory '/tmp/tmp.yugr0WKFU9/cmake-build-debug/CMakeFiles/CMakeTmp'
Building CXX object CMakeFiles/cmTC_4ac05.dir/CMakeCXXCompilerABI.cpp.o
/scratch/pelago/llvm-14/opt/bin/clang++   -v -MD -MT CMakeFiles/cmTC_4ac05.dir/CMakeCXXCompilerABI.cpp.o -MF CMakeFiles/cmTC_4ac05.dir/CMakeCXXCompilerABI.cpp.o.d -o CMakeFiles/cmTC_4ac05.dir/CMakeCXXCompilerABI.cpp.o -c /scratch/pelago/hamish_builds/llvm-14/opt/share/cmake-3.23/Modules/CMakeCXXCompilerABI.cpp
clang version 14.0.0 (https://github.com/llvm/llvm-project 329fda39c507e8740978d10458451dcdb21563be)
Target: x86_64-unknown-linux-gnu
Thread model: posix
InstalledDir: /scratch/pelago/llvm-14/opt/bin
Found candidate GCC installation: /usr/lib/gcc/x86_64-linux-gnu/11
Found candidate GCC installation: /usr/lib/gcc/x86_64-linux-gnu/12
Selected GCC installation: /usr/lib/gcc/x86_64-linux-gnu/12
Candidate multilib: .;@m64
Selected multilib: .;@m64
Found CUDA installation: /usr/local/cuda, version 
 (in-process)
 "/scratch/pelago/hamish_builds/llvm-14/opt/bin/clang-14" -cc1 -triple x86_64-unknown-linux-gnu -emit-obj -mrelax-all --mrelax-relocations -disable-free -clear-ast-before-backend -main-file-name CMakeCXXCompilerABI.cpp -mrelocation-model static -mframe-pointer=all -fmath-errno -ffp-contract=on -fno-rounding-math -mconstructor-aliases -funwind-tables=2 -target-cpu x86-64 -tune-cpu generic -mllvm -treat-scalable-fixed-error-as-warning -debugger-tuning=gdb -v -fcoverage-compilation-dir=/tmp/tmp.yugr0WKFU9/cmake-build-debug/CMakeFiles/CMakeTmp -resource-dir /scratch/pelago/hamish_builds/llvm-14/opt/lib/clang/14.0.0 -dependency-file CMakeFiles/cmTC_4ac05.dir/CMakeCXXCompilerABI.cpp.o.d -MT CMakeFiles/cmTC_4ac05.dir/CMakeCXXCompilerABI.cpp.o -sys-header-deps -internal-isystem /usr/lib/gcc/x86_64-linux-gnu/12/../../../../include/c++/12 -internal-isystem /usr/lib/gcc/x86_64-linux-gnu/12/../../../../include/x86_64-linux-gnu/c++/12 -internal-isystem /usr/lib/gcc/x86_64-linux-gnu/12/../../../../include/c++/12/backward -internal-isystem /scratch/pelago/hamish_builds/llvm-14/opt/lib/clang/14.0.0/include -internal-isystem /usr/local/include -internal-isystem /usr/lib/gcc/x86_64-linux-gnu/12/../../../../x86_64-linux-gnu/include -internal-externc-isystem /usr/include/x86_64-linux-gnu -internal-externc-isystem /usr/include -fdeprecated-macro -fdebug-compilation-dir=/tmp/tmp.yugr0WKFU9/cmake-build-debug/CMakeFiles/CMakeTmp -ferror-limit 19 -fgnuc-version=4.2.1 -fcxx-exceptions -fexceptions -faddrsig -D__GCC_HAVE_DWARF2_CFI_ASM=1 -o CMakeFiles/cmTC_4ac05.dir/CMakeCXXCompilerABI.cpp.o -x c++ /scratch/pelago/hamish_builds/llvm-14/opt/share/cmake-3.23/Modules/CMakeCXXCompilerABI.cpp
clang -cc1 version 14.0.0 based upon LLVM 14.0.0 default target x86_64-linux-gnu
ignoring nonexistent directory "/usr/lib/gcc/x86_64-linux-gnu/12/../../../../x86_64-linux-gnu/include"
#include "..." search starts here:
#include <...> search starts here:
 /usr/lib/gcc/x86_64-linux-gnu/12/../../../../include/c++/12
 /usr/lib/gcc/x86_64-linux-gnu/12/../../../../include/x86_64-linux-gnu/c++/12
 /usr/lib/gcc/x86_64-linux-gnu/12/../../../../include/c++/12/backward
 /scratch/pelago/hamish_builds/llvm-14/opt/lib/clang/14.0.0/include
 /usr/local/include
 /usr/include/x86_64-linux-gnu
 /usr/include
End of search list.
Linking CXX executable cmTC_4ac05
/scratch/pelago/hamish_builds/llvm-14/opt/bin/cmake -E cmake_link_script CMakeFiles/cmTC_4ac05.dir/link.txt --verbose=1
/scratch/pelago/llvm-14/opt/bin/clang++  -v -rdynamic CMakeFiles/cmTC_4ac05.dir/CMakeCXXCompilerABI.cpp.o -o cmTC_4ac05 
clang version 14.0.0 (https://github.com/llvm/llvm-project 329fda39c507e8740978d10458451dcdb21563be)
Target: x86_64-unknown-linux-gnu
Thread model: posix
InstalledDir: /scratch/pelago/llvm-14/opt/bin
Found candidate GCC installation: /usr/lib/gcc/x86_64-linux-gnu/11
Found candidate GCC installation: /usr/lib/gcc/x86_64-linux-gnu/12
Selected GCC installation: /usr/lib/gcc/x86_64-linux-gnu/12
Candidate multilib: .;@m64
Selected multilib: .;@m64
Found CUDA installation: /usr/local/cuda, version 
 "/usr/bin/x86_64-linux-gnu-ld" -export-dynamic -z relro --hash-style=gnu --eh-frame-hdr -m elf_x86_64 -export-dynamic -dynamic-linker /lib64/ld-linux-x86-64.so.2 -o cmTC_4ac05 /lib/x86_64-linux-gnu/crt1.o /lib/x86_64-linux-gnu/crti.o /usr/lib/gcc/x86_64-linux-gnu/12/crtbegin.o -L/usr/lib/gcc/x86_64-linux-gnu/12 -L/usr/lib/gcc/x86_64-linux-gnu/12/../../../../lib64 -L/lib/x86_64-linux-gnu -L/lib/../lib64 -L/usr/lib/x86_64-linux-gnu -L/usr/lib/../lib64 -L/scratch/pelago/hamish_builds/llvm-14/opt/bin/../lib -L/lib -L/usr/lib CMakeFiles/cmTC_4ac05.dir/CMakeCXXCompilerABI.cpp.o -lstdc++ -lm -lgcc_s -lgcc -lc -lgcc_s -lgcc /usr/lib/gcc/x86_64-linux-gnu/12/crtend.o /lib/x86_64-linux-gnu/crtn.o
gmake[1]: Leaving directory '/tmp/tmp.yugr0WKFU9/cmake-build-debug/CMakeFiles/CMakeTmp'



Parsed CXX implicit include dir info from above output: rv=done
  found start of include info
  found start of implicit include info
    add: [/usr/lib/gcc/x86_64-linux-gnu/12/../../../../include/c++/12]
    add: [/usr/lib/gcc/x86_64-linux-gnu/12/../../../../include/x86_64-linux-gnu/c++/12]
    add: [/usr/lib/gcc/x86_64-linux-gnu/12/../../../../include/c++/12/backward]
    add: [/scratch/pelago/hamish_builds/llvm-14/opt/lib/clang/14.0.0/include]
    add: [/usr/local/include]
    add: [/usr/include/x86_64-linux-gnu]
    add: [/usr/include]
  end of search list found
  collapse include dir [/usr/lib/gcc/x86_64-linux-gnu/12/../../../../include/c++/12] ==> [/usr/include/c++/12]
  collapse include dir [/usr/lib/gcc/x86_64-linux-gnu/12/../../../../include/x86_64-linux-gnu/c++/12] ==> [/usr/include/x86_64-linux-gnu/c++/12]
  collapse include dir [/usr/lib/gcc/x86_64-linux-gnu/12/../../../../include/c++/12/backward] ==> [/usr/include/c++/12/backward]
  collapse include dir [/scratch/pelago/hamish_builds/llvm-14/opt/lib/clang/14.0.0/include] ==> [/scratch/pelago/hamish_builds/llvm-14/opt/lib/clang/14.0.0/include]
  collapse include dir [/usr/local/include] ==> [/usr/local/include]
  collapse include dir [/usr/include/x86_64-linux-gnu] ==> [/usr/include/x86_64-linux-gnu]
  collapse include dir [/usr/include] ==> [/usr/include]
  implicit include dirs: [/usr/include/c++/12;/usr/include/x86_64-linux-gnu/c++/12;/usr/include/c++/12/backward;/scratch/pelago/hamish_builds/llvm-14/opt/lib/clang/14.0.0/include;/usr/local/include;/usr/include/x86_64-linux-gnu;/usr/include]


Parsed CXX implicit link information from above output:
  link line regex: [^( *|.*[/\])(ld|CMAKE_LINK_STARTFILE-NOTFOUND|([^/\]+-)?ld|collect2)[^/\]*( |$)]
  ignore line: [Change Dir: /tmp/tmp.yugr0WKFU9/cmake-build-debug/CMakeFiles/CMakeTmp]
  ignore line: []
  ignore line: [Run Build Command(s):/usr/bin/gmake -f Makefile cmTC_4ac05/fast && /usr/bin/gmake  -f CMakeFiles/cmTC_4ac05.dir/build.make CMakeFiles/cmTC_4ac05.dir/build]
  ignore line: [gmake[1]: Entering directory '/tmp/tmp.yugr0WKFU9/cmake-build-debug/CMakeFiles/CMakeTmp']
  ignore line: [Building CXX object CMakeFiles/cmTC_4ac05.dir/CMakeCXXCompilerABI.cpp.o]
  ignore line: [/scratch/pelago/llvm-14/opt/bin/clang++   -v -MD -MT CMakeFiles/cmTC_4ac05.dir/CMakeCXXCompilerABI.cpp.o -MF CMakeFiles/cmTC_4ac05.dir/CMakeCXXCompilerABI.cpp.o.d -o CMakeFiles/cmTC_4ac05.dir/CMakeCXXCompilerABI.cpp.o -c /scratch/pelago/hamish_builds/llvm-14/opt/share/cmake-3.23/Modules/CMakeCXXCompilerABI.cpp]
  ignore line: [clang version 14.0.0 (https://github.com/llvm/llvm-project 329fda39c507e8740978d10458451dcdb21563be)]
  ignore line: [Target: x86_64-unknown-linux-gnu]
  ignore line: [Thread model: posix]
  ignore line: [InstalledDir: /scratch/pelago/llvm-14/opt/bin]
  ignore line: [Found candidate GCC installation: /usr/lib/gcc/x86_64-linux-gnu/11]
  ignore line: [Found candidate GCC installation: /usr/lib/gcc/x86_64-linux-gnu/12]
  ignore line: [Selected GCC installation: /usr/lib/gcc/x86_64-linux-gnu/12]
  ignore line: [Candidate multilib: .]
  ignore line: [@m64]
  ignore line: [Selected multilib: .]
  ignore line: [@m64]
  ignore line: [Found CUDA installation: /usr/local/cuda  version ]
  ignore line: [ (in-process)]
  ignore line: [ "/scratch/pelago/hamish_builds/llvm-14/opt/bin/clang-14" -cc1 -triple x86_64-unknown-linux-gnu -emit-obj -mrelax-all --mrelax-relocations -disable-free -clear-ast-before-backend -main-file-name CMakeCXXCompilerABI.cpp -mrelocation-model static -mframe-pointer=all -fmath-errno -ffp-contract=on -fno-rounding-math -mconstructor-aliases -funwind-tables=2 -target-cpu x86-64 -tune-cpu generic -mllvm -treat-scalable-fixed-error-as-warning -debugger-tuning=gdb -v -fcoverage-compilation-dir=/tmp/tmp.yugr0WKFU9/cmake-build-debug/CMakeFiles/CMakeTmp -resource-dir /scratch/pelago/hamish_builds/llvm-14/opt/lib/clang/14.0.0 -dependency-file CMakeFiles/cmTC_4ac05.dir/CMakeCXXCompilerABI.cpp.o.d -MT CMakeFiles/cmTC_4ac05.dir/CMakeCXXCompilerABI.cpp.o -sys-header-deps -internal-isystem /usr/lib/gcc/x86_64-linux-gnu/12/../../../../include/c++/12 -internal-isystem /usr/lib/gcc/x86_64-linux-gnu/12/../../../../include/x86_64-linux-gnu/c++/12 -internal-isystem /usr/lib/gcc/x86_64-linux-gnu/12/../../../../include/c++/12/backward -internal-isystem /scratch/pelago/hamish_builds/llvm-14/opt/lib/clang/14.0.0/include -internal-isystem /usr/local/include -internal-isystem /usr/lib/gcc/x86_64-linux-gnu/12/../../../../x86_64-linux-gnu/include -internal-externc-isystem /usr/include/x86_64-linux-gnu -internal-externc-isystem /usr/include -fdeprecated-macro -fdebug-compilation-dir=/tmp/tmp.yugr0WKFU9/cmake-build-debug/CMakeFiles/CMakeTmp -ferror-limit 19 -fgnuc-version=4.2.1 -fcxx-exceptions -fexceptions -faddrsig -D__GCC_HAVE_DWARF2_CFI_ASM=1 -o CMakeFiles/cmTC_4ac05.dir/CMakeCXXCompilerABI.cpp.o -x c++ /scratch/pelago/hamish_builds/llvm-14/opt/share/cmake-3.23/Modules/CMakeCXXCompilerABI.cpp]
  ignore line: [clang -cc1 version 14.0.0 based upon LLVM 14.0.0 default target x86_64-linux-gnu]
  ignore line: [ignoring nonexistent directory "/usr/lib/gcc/x86_64-linux-gnu/12/../../../../x86_64-linux-gnu/include"]
  ignore line: [#include "..." search starts here:]
  ignore line: [#include <...> search starts here:]
  ignore line: [ /usr/lib/gcc/x86_64-linux-gnu/12/../../../../include/c++/12]
  ignore line: [ /usr/lib/gcc/x86_64-linux-gnu/12/../../../../include/x86_64-linux-gnu/c++/12]
  ignore line: [ /usr/lib/gcc/x86_64-linux-gnu/12/../../../../include/c++/12/backward]
  ignore line: [ /scratch/pelago/hamish_builds/llvm-14/opt/lib/clang/14.0.0/include]
  ignore line: [ /usr/local/include]
  ignore line: [ /usr/include/x86_64-linux-gnu]
  ignore line: [ /usr/include]
  ignore line: [End of search list.]
  ignore line: [Linking CXX executable cmTC_4ac05]
  ignore line: [/scratch/pelago/hamish_builds/llvm-14/opt/bin/cmake -E cmake_link_script CMakeFiles/cmTC_4ac05.dir/link.txt --verbose=1]
  ignore line: [/scratch/pelago/llvm-14/opt/bin/clang++  -v -rdynamic CMakeFiles/cmTC_4ac05.dir/CMakeCXXCompilerABI.cpp.o -o cmTC_4ac05 ]
  ignore line: [clang version 14.0.0 (https://github.com/llvm/llvm-project 329fda39c507e8740978d10458451dcdb21563be)]
  ignore line: [Target: x86_64-unknown-linux-gnu]
  ignore line: [Thread model: posix]
  ignore line: [InstalledDir: /scratch/pelago/llvm-14/opt/bin]
  ignore line: [Found candidate GCC installation: /usr/lib/gcc/x86_64-linux-gnu/11]
  ignore line: [Found candidate GCC installation: /usr/lib/gcc/x86_64-linux-gnu/12]
  ignore line: [Selected GCC installation: /usr/lib/gcc/x86_64-linux-gnu/12]
  ignore line: [Candidate multilib: .]
  ignore line: [@m64]
  ignore line: [Selected multilib: .]
  ignore line: [@m64]
  ignore line: [Found CUDA installation: /usr/local/cuda  version ]
  link line: [ "/usr/bin/x86_64-linux-gnu-ld" -export-dynamic -z relro --hash-style=gnu --eh-frame-hdr -m elf_x86_64 -export-dynamic -dynamic-linker /lib64/ld-linux-x86-64.so.2 -o cmTC_4ac05 /lib/x86_64-linux-gnu/crt1.o /lib/x86_64-linux-gnu/crti.o /usr/lib/gcc/x86_64-linux-gnu/12/crtbegin.o -L/usr/lib/gcc/x86_64-linux-gnu/12 -L/usr/lib/gcc/x86_64-linux-gnu/12/../../../../lib64 -L/lib/x86_64-linux-gnu -L/lib/../lib64 -L/usr/lib/x86_64-linux-gnu -L/usr/lib/../lib64 -L/scratch/pelago/hamish_builds/llvm-14/opt/bin/../lib -L/lib -L/usr/lib CMakeFiles/cmTC_4ac05.dir/CMakeCXXCompilerABI.cpp.o -lstdc++ -lm -lgcc_s -lgcc -lc -lgcc_s -lgcc /usr/lib/gcc/x86_64-linux-gnu/12/crtend.o /lib/x86_64-linux-gnu/crtn.o]
    arg [/usr/bin/x86_64-linux-gnu-ld] ==> ignore
    arg [-export-dynamic] ==> ignore
    arg [-zrelro] ==> ignore
    arg [--hash-style=gnu] ==> ignore
    arg [--eh-frame-hdr] ==> ignore
    arg [-m] ==> ignore
    arg [elf_x86_64] ==> ignore
    arg [-export-dynamic] ==> ignore
    arg [-dynamic-linker] ==> ignore
    arg [/lib64/ld-linux-x86-64.so.2] ==> ignore
    arg [-o] ==> ignore
    arg [cmTC_4ac05] ==> ignore
    arg [/lib/x86_64-linux-gnu/crt1.o] ==> obj [/lib/x86_64-linux-gnu/crt1.o]
    arg [/lib/x86_64-linux-gnu/crti.o] ==> obj [/lib/x86_64-linux-gnu/crti.o]
    arg [/usr/lib/gcc/x86_64-linux-gnu/12/crtbegin.o] ==> obj [/usr/lib/gcc/x86_64-linux-gnu/12/crtbegin.o]
    arg [-L/usr/lib/gcc/x86_64-linux-gnu/12] ==> dir [/usr/lib/gcc/x86_64-linux-gnu/12]
    arg [-L/usr/lib/gcc/x86_64-linux-gnu/12/../../../../lib64] ==> dir [/usr/lib/gcc/x86_64-linux-gnu/12/../../../../lib64]
    arg [-L/lib/x86_64-linux-gnu] ==> dir [/lib/x86_64-linux-gnu]
    arg [-L/lib/../lib64] ==> dir [/lib/../lib64]
    arg [-L/usr/lib/x86_64-linux-gnu] ==> dir [/usr/lib/x86_64-linux-gnu]
    arg [-L/usr/lib/../lib64] ==> dir [/usr/lib/../lib64]
    arg [-L/scratch/pelago/hamish_builds/llvm-14/opt/bin/../lib] ==> dir [/scratch/pelago/hamish_builds/llvm-14/opt/bin/../lib]
    arg [-L/lib] ==> dir [/lib]
    arg [-L/usr/lib] ==> dir [/usr/lib]
    arg [CMakeFiles/cmTC_4ac05.dir/CMakeCXXCompilerABI.cpp.o] ==> ignore
    arg [-lstdc++] ==> lib [stdc++]
    arg [-lm] ==> lib [m]
    arg [-lgcc_s] ==> lib [gcc_s]
    arg [-lgcc] ==> lib [gcc]
    arg [-lc] ==> lib [c]
    arg [-lgcc_s] ==> lib [gcc_s]
    arg [-lgcc] ==> lib [gcc]
    arg [/usr/lib/gcc/x86_64-linux-gnu/12/crtend.o] ==> obj [/usr/lib/gcc/x86_64-linux-gnu/12/crtend.o]
    arg [/lib/x86_64-linux-gnu/crtn.o] ==> obj [/lib/x86_64-linux-gnu/crtn.o]
  collapse library dir [/usr/lib/gcc/x86_64-linux-gnu/12] ==> [/usr/lib/gcc/x86_64-linux-gnu/12]
  collapse library dir [/usr/lib/gcc/x86_64-linux-gnu/12/../../../../lib64] ==> [/usr/lib64]
  collapse library dir [/lib/x86_64-linux-gnu] ==> [/lib/x86_64-linux-gnu]
  collapse library dir [/lib/../lib64] ==> [/lib64]
  collapse library dir [/usr/lib/x86_64-linux-gnu] ==> [/usr/lib/x86_64-linux-gnu]
  collapse library dir [/usr/lib/../lib64] ==> [/usr/lib64]
  collapse library dir [/scratch/pelago/hamish_builds/llvm-14/opt/bin/../lib] ==> [/scratch/pelago/hamish_builds/llvm-14/opt/lib]
  collapse library dir [/lib] ==> [/lib]
  collapse library dir [/usr/lib] ==> [/usr/lib]
  implicit libs: [stdc++;m;gcc_s;gcc;c;gcc_s;gcc]
  implicit objs: [/lib/x86_64-linux-gnu/crt1.o;/lib/x86_64-linux-gnu/crti.o;/usr/lib/gcc/x86_64-linux-gnu/12/crtbegin.o;/usr/lib/gcc/x86_64-linux-gnu/12/crtend.o;/lib/x86_64-linux-gnu/crtn.o]
  implicit dirs: [/usr/lib/gcc/x86_64-linux-gnu/12;/usr/lib64;/lib/x86_64-linux-gnu;/lib64;/usr/lib/x86_64-linux-gnu;/scratch/pelago/hamish_builds/llvm-14/opt/lib;/lib;/usr/lib]
  implicit fwks: []


